<?xml version="1.0" encoding="UTF-8"?>
<coverage generated="1661821943866" clover="3.2.0">
  <project timestamp="1661821943866" name="All files">
    <metrics statements="45" coveredstatements="35" conditionals="0" coveredconditionals="0" methods="21" coveredmethods="15" elements="66" coveredelements="50" complexity="0" loc="45" ncloc="45" packages="2" files="2" classes="2"/>
    <package name="db">
      <metrics statements="27" coveredstatements="19" conditionals="0" coveredconditionals="0" methods="13" coveredmethods="9"/>
      <file name="index.js" path="/Users/aaronwang/Desktop/Projects/HR_RPP36/rpp36-aaron-overview/db/index.js">
        <metrics statements="27" coveredstatements="19" conditionals="0" coveredconditionals="0" methods="13" coveredmethods="9"/>
        <line num="1" count="1" type="stmt"/>
        <line num="2" count="1" type="stmt"/>
        <line num="10" count="1" type="stmt"/>
        <line num="11" count="0" type="stmt"/>
        <line num="12" count="0" type="stmt"/>
        <line num="15" count="1" type="stmt"/>
        <line num="16" count="3" type="stmt"/>
        <line num="19" count="3" type="stmt"/>
        <line num="22" count="3" type="stmt"/>
        <line num="23" count="3" type="stmt"/>
        <line num="26" count="0" type="stmt"/>
        <line num="27" count="0" type="stmt"/>
        <line num="32" count="1" type="stmt"/>
        <line num="33" count="3" type="stmt"/>
        <line num="36" count="3" type="stmt"/>
        <line num="44" count="3" type="stmt"/>
        <line num="45" count="3" type="stmt"/>
        <line num="48" count="0" type="stmt"/>
        <line num="49" count="0" type="stmt"/>
        <line num="54" count="1" type="stmt"/>
        <line num="55" count="3" type="stmt"/>
        <line num="58" count="3" type="stmt"/>
        <line num="91" count="3" type="stmt"/>
        <line num="92" count="3" type="stmt"/>
        <line num="95" count="0" type="stmt"/>
        <line num="96" count="0" type="stmt"/>
        <line num="169" count="1" type="stmt"/>
      </file>
    </package>
    <package name="server">
      <metrics statements="18" coveredstatements="16" conditionals="0" coveredconditionals="0" methods="8" coveredmethods="6"/>
      <file name="index.js" path="/Users/aaronwang/Desktop/Projects/HR_RPP36/rpp36-aaron-overview/server/index.js">
        <metrics statements="18" coveredstatements="16" conditionals="0" coveredconditionals="0" methods="8" coveredmethods="6"/>
        <line num="1" count="1" type="stmt"/>
        <line num="2" count="1" type="stmt"/>
        <line num="3" count="1" type="stmt"/>
        <line num="5" count="1" type="stmt"/>
        <line num="6" count="0" type="stmt"/>
        <line num="7" count="0" type="stmt"/>
        <line num="10" count="1" type="stmt"/>
        <line num="11" count="3" type="stmt"/>
        <line num="12" count="3" type="stmt"/>
        <line num="15" count="1" type="stmt"/>
        <line num="16" count="3" type="stmt"/>
        <line num="17" count="3" type="stmt"/>
        <line num="18" count="3" type="stmt"/>
        <line num="21" count="1" type="stmt"/>
        <line num="22" count="3" type="stmt"/>
        <line num="23" count="3" type="stmt"/>
        <line num="24" count="3" type="stmt"/>
        <line num="47" count="1" type="stmt"/>
      </file>
    </package>
  </project>
</coverage>
