{"/Users/aaronwang/Desktop/Projects/HR_RPP36/rpp36-aaron-overview/db/index.js": {"path":"/Users/aaronwang/Desktop/Projects/HR_RPP36/rpp36-aaron-overview/db/index.js","statementMap":{"0":{"start":{"line":1,"column":17},"end":{"line":1,"column":30}},"1":{"start":{"line":2,"column":13},"end":{"line":7,"column":2}},"2":{"start":{"line":10,"column":0},"end":{"line":13,"column":2}},"3":{"start":{"line":11,"column":2},"end":{"line":11,"column":55}},"4":{"start":{"line":12,"column":2},"end":{"line":12,"column":18}},"5":{"start":{"line":15,"column":20},"end":{"line":30,"column":1}},"6":{"start":{"line":16,"column":2},"end":{"line":29,"column":4}},"7":{"start":{"line":19,"column":4},"end":{"line":28,"column":8}},"8":{"start":{"line":22,"column":8},"end":{"line":22,"column":25}},"9":{"start":{"line":23,"column":8},"end":{"line":23,"column":24}},"10":{"start":{"line":26,"column":8},"end":{"line":26,"column":25}},"11":{"start":{"line":27,"column":8},"end":{"line":27,"column":31}},"12":{"start":{"line":32,"column":21},"end":{"line":52,"column":1}},"13":{"start":{"line":33,"column":2},"end":{"line":51,"column":4}},"14":{"start":{"line":36,"column":4},"end":{"line":50,"column":8}},"15":{"start":{"line":44,"column":8},"end":{"line":44,"column":25}},"16":{"start":{"line":45,"column":8},"end":{"line":45,"column":27}},"17":{"start":{"line":48,"column":8},"end":{"line":48,"column":25}},"18":{"start":{"line":49,"column":8},"end":{"line":49,"column":31}},"19":{"start":{"line":54,"column":25},"end":{"line":99,"column":1}},"20":{"start":{"line":55,"column":2},"end":{"line":98,"column":4}},"21":{"start":{"line":58,"column":4},"end":{"line":97,"column":8}},"22":{"start":{"line":91,"column":8},"end":{"line":91,"column":25}},"23":{"start":{"line":92,"column":8},"end":{"line":92,"column":27}},"24":{"start":{"line":95,"column":8},"end":{"line":95,"column":25}},"25":{"start":{"line":96,"column":8},"end":{"line":96,"column":31}},"26":{"start":{"line":169,"column":0},"end":{"line":174,"column":1}}},"fnMap":{"0":{"name":"(anonymous_0)","decl":{"start":{"line":10,"column":17},"end":{"line":10,"column":18}},"loc":{"start":{"line":10,"column":34},"end":{"line":13,"column":1}},"line":10},"1":{"name":"(anonymous_1)","decl":{"start":{"line":15,"column":20},"end":{"line":15,"column":21}},"loc":{"start":{"line":15,"column":31},"end":{"line":30,"column":1}},"line":15},"2":{"name":"(anonymous_2)","decl":{"start":{"line":18,"column":8},"end":{"line":18,"column":9}},"loc":{"start":{"line":18,"column":18},"end":{"line":29,"column":3}},"line":18},"3":{"name":"(anonymous_3)","decl":{"start":{"line":21,"column":12},"end":{"line":21,"column":13}},"loc":{"start":{"line":21,"column":19},"end":{"line":24,"column":7}},"line":21},"4":{"name":"(anonymous_4)","decl":{"start":{"line":25,"column":13},"end":{"line":25,"column":14}},"loc":{"start":{"line":25,"column":20},"end":{"line":28,"column":7}},"line":25},"5":{"name":"(anonymous_5)","decl":{"start":{"line":32,"column":21},"end":{"line":32,"column":22}},"loc":{"start":{"line":32,"column":34},"end":{"line":52,"column":1}},"line":32},"6":{"name":"(anonymous_6)","decl":{"start":{"line":35,"column":8},"end":{"line":35,"column":9}},"loc":{"start":{"line":35,"column":18},"end":{"line":51,"column":3}},"line":35},"7":{"name":"(anonymous_7)","decl":{"start":{"line":43,"column":12},"end":{"line":43,"column":13}},"loc":{"start":{"line":43,"column":19},"end":{"line":46,"column":7}},"line":43},"8":{"name":"(anonymous_8)","decl":{"start":{"line":47,"column":13},"end":{"line":47,"column":14}},"loc":{"start":{"line":47,"column":20},"end":{"line":50,"column":7}},"line":47},"9":{"name":"(anonymous_9)","decl":{"start":{"line":54,"column":25},"end":{"line":54,"column":26}},"loc":{"start":{"line":54,"column":38},"end":{"line":99,"column":1}},"line":54},"10":{"name":"(anonymous_10)","decl":{"start":{"line":57,"column":8},"end":{"line":57,"column":9}},"loc":{"start":{"line":57,"column":18},"end":{"line":98,"column":3}},"line":57},"11":{"name":"(anonymous_11)","decl":{"start":{"line":90,"column":12},"end":{"line":90,"column":13}},"loc":{"start":{"line":90,"column":19},"end":{"line":93,"column":7}},"line":90},"12":{"name":"(anonymous_12)","decl":{"start":{"line":94,"column":13},"end":{"line":94,"column":14}},"loc":{"start":{"line":94,"column":20},"end":{"line":97,"column":7}},"line":94}},"branchMap":{},"s":{"0":1,"1":1,"2":1,"3":0,"4":0,"5":1,"6":3,"7":3,"8":3,"9":3,"10":0,"11":0,"12":1,"13":3,"14":3,"15":3,"16":3,"17":0,"18":0,"19":1,"20":3,"21":3,"22":3,"23":3,"24":0,"25":0,"26":1},"f":{"0":0,"1":3,"2":3,"3":3,"4":0,"5":3,"6":3,"7":3,"8":0,"9":3,"10":3,"11":3,"12":0},"b":{},"_coverageSchema":"1a1c01bbd47fc00a2c39e90264f33305004495a9","hash":"a203075a4114a69957f5f833628395d18ccf506c"}
,"/Users/aaronwang/Desktop/Projects/HR_RPP36/rpp36-aaron-overview/server/index.js": {"path":"/Users/aaronwang/Desktop/Projects/HR_RPP36/rpp36-aaron-overview/server/index.js","statementMap":{"0":{"start":{"line":1,"column":16},"end":{"line":1,"column":34}},"1":{"start":{"line":2,"column":11},"end":{"line":2,"column":36}},"2":{"start":{"line":3,"column":12},"end":{"line":3,"column":21}},"3":{"start":{"line":5,"column":0},"end":{"line":8,"column":2}},"4":{"start":{"line":6,"column":2},"end":{"line":7,"column":35}},"5":{"start":{"line":7,"column":18},"end":{"line":7,"column":34}},"6":{"start":{"line":10,"column":0},"end":{"line":13,"column":2}},"7":{"start":{"line":11,"column":2},"end":{"line":12,"column":35}},"8":{"start":{"line":12,"column":18},"end":{"line":12,"column":34}},"9":{"start":{"line":15,"column":0},"end":{"line":19,"column":2}},"10":{"start":{"line":16,"column":11},"end":{"line":16,"column":32}},"11":{"start":{"line":17,"column":2},"end":{"line":18,"column":35}},"12":{"start":{"line":18,"column":18},"end":{"line":18,"column":34}},"13":{"start":{"line":21,"column":0},"end":{"line":25,"column":2}},"14":{"start":{"line":22,"column":11},"end":{"line":22,"column":32}},"15":{"start":{"line":23,"column":2},"end":{"line":24,"column":35}},"16":{"start":{"line":24,"column":18},"end":{"line":24,"column":34}},"17":{"start":{"line":47,"column":0},"end":{"line":47,"column":21}}},"fnMap":{"0":{"name":"(anonymous_0)","decl":{"start":{"line":5,"column":13},"end":{"line":5,"column":14}},"loc":{"start":{"line":5,"column":27},"end":{"line":8,"column":1}},"line":5},"1":{"name":"(anonymous_1)","decl":{"start":{"line":7,"column":8},"end":{"line":7,"column":9}},"loc":{"start":{"line":7,"column":18},"end":{"line":7,"column":34}},"line":7},"2":{"name":"(anonymous_2)","decl":{"start":{"line":10,"column":21},"end":{"line":10,"column":22}},"loc":{"start":{"line":10,"column":35},"end":{"line":13,"column":1}},"line":10},"3":{"name":"(anonymous_3)","decl":{"start":{"line":12,"column":8},"end":{"line":12,"column":9}},"loc":{"start":{"line":12,"column":18},"end":{"line":12,"column":34}},"line":12},"4":{"name":"(anonymous_4)","decl":{"start":{"line":15,"column":33},"end":{"line":15,"column":34}},"loc":{"start":{"line":15,"column":47},"end":{"line":19,"column":1}},"line":15},"5":{"name":"(anonymous_5)","decl":{"start":{"line":18,"column":8},"end":{"line":18,"column":9}},"loc":{"start":{"line":18,"column":18},"end":{"line":18,"column":34}},"line":18},"6":{"name":"(anonymous_6)","decl":{"start":{"line":21,"column":40},"end":{"line":21,"column":41}},"loc":{"start":{"line":21,"column":54},"end":{"line":25,"column":1}},"line":21},"7":{"name":"(anonymous_7)","decl":{"start":{"line":24,"column":8},"end":{"line":24,"column":9}},"loc":{"start":{"line":24,"column":18},"end":{"line":24,"column":34}},"line":24}},"branchMap":{},"s":{"0":1,"1":1,"2":1,"3":1,"4":0,"5":0,"6":1,"7":3,"8":3,"9":1,"10":3,"11":3,"12":3,"13":1,"14":3,"15":3,"16":3,"17":1},"f":{"0":0,"1":0,"2":3,"3":3,"4":3,"5":3,"6":3,"7":3},"b":{},"_coverageSchema":"1a1c01bbd47fc00a2c39e90264f33305004495a9","hash":"aff31af992a1e407e24145812f8a24cf7bd668e5"}
}
