TN:
SF:db/index.js
FN:10,(anonymous_0)
FN:15,(anonymous_1)
FN:18,(anonymous_2)
FN:21,(anonymous_3)
FN:25,(anonymous_4)
FN:32,(anonymous_5)
FN:35,(anonymous_6)
FN:43,(anonymous_7)
FN:47,(anonymous_8)
FN:54,(anonymous_9)
FN:57,(anonymous_10)
FN:90,(anonymous_11)
FN:94,(anonymous_12)
FNF:13
FNH:9
FNDA:0,(anonymous_0)
FNDA:3,(anonymous_1)
FNDA:3,(anonymous_2)
FNDA:3,(anonymous_3)
FNDA:0,(anonymous_4)
FNDA:3,(anonymous_5)
FNDA:3,(anonymous_6)
FNDA:3,(anonymous_7)
FNDA:0,(anonymous_8)
FNDA:3,(anonymous_9)
FNDA:3,(anonymous_10)
FNDA:3,(anonymous_11)
FNDA:0,(anonymous_12)
DA:1,1
DA:2,1
DA:10,1
DA:11,0
DA:12,0
DA:15,1
DA:16,3
DA:19,3
DA:22,3
DA:23,3
DA:26,0
DA:27,0
DA:32,1
DA:33,3
DA:36,3
DA:44,3
DA:45,3
DA:48,0
DA:49,0
DA:54,1
DA:55,3
DA:58,3
DA:91,3
DA:92,3
DA:95,0
DA:96,0
DA:169,1
LF:27
LH:19
BRF:0
BRH:0
end_of_record
TN:
SF:server/index.js
FN:5,(anonymous_0)
FN:7,(anonymous_1)
FN:10,(anonymous_2)
FN:12,(anonymous_3)
FN:15,(anonymous_4)
FN:18,(anonymous_5)
FN:21,(anonymous_6)
FN:24,(anonymous_7)
FNF:8
FNH:6
FNDA:0,(anonymous_0)
FNDA:0,(anonymous_1)
FNDA:3,(anonymous_2)
FNDA:3,(anonymous_3)
FNDA:3,(anonymous_4)
FNDA:3,(anonymous_5)
FNDA:3,(anonymous_6)
FNDA:3,(anonymous_7)
DA:1,1
DA:2,1
DA:3,1
DA:5,1
DA:6,0
DA:7,0
DA:10,1
DA:11,3
DA:12,3
DA:15,1
DA:16,3
DA:17,3
DA:18,3
DA:21,1
DA:22,3
DA:23,3
DA:24,3
DA:47,1
LF:18
LH:16
BRF:0
BRH:0
end_of_record
